        -:    0:Source:dominion.c
        -:    0:Graph:dominion.gcno
        -:    0:Data:dominion.gcda
        -:    0:Runs:1
        -:    0:Programs:1
        -:    1:#include "dominion.h"
        -:    2:#include "dominion_helpers.h"
        -:    3:#include "rngs.h"
        -:    4:#include <stdio.h>
        -:    5:#include <math.h>
        -:    6:#include <stdlib.h>
        -:    7:
       30:    8:int compare(const void* a, const void* b) {
       30:    9:  if (*(int*)a > *(int*)b)
    #####:   10:    return 1;
       30:   11:  if (*(int*)a < *(int*)b)
        8:   12:    return -1;
       22:   13:  return 0;
        -:   14:}
        -:   15:
    #####:   16:struct gameState* newGame() {
    #####:   17:  struct gameState* g = malloc(sizeof(struct gameState));
    #####:   18:  return g;
        -:   19:}
        -:   20:
    #####:   21:int* kingdomCards(int k1, int k2, int k3, int k4, int k5, int k6, int k7,
        -:   22:		  int k8, int k9, int k10) {
    #####:   23:  int* k = malloc(10 * sizeof(int));
    #####:   24:  k[0] = k1;
    #####:   25:  k[1] = k2;
    #####:   26:  k[2] = k3;
    #####:   27:  k[3] = k4;
    #####:   28:  k[4] = k5;
    #####:   29:  k[5] = k6;
    #####:   30:  k[6] = k7;
    #####:   31:  k[7] = k8;
    #####:   32:  k[8] = k9;
    #####:   33:  k[9] = k10;
    #####:   34:  return k;
        -:   35:}
        -:   36:
        1:   37:int initializeGame(int numPlayers, int kingdomCards[10], int randomSeed,
        -:   38:		   struct gameState *state) {
        -:   39:
        -:   40:  int i;
        -:   41:  int j;
        -:   42:  int it;			
        -:   43:  //set up random number generator
        1:   44:  SelectStream(1);
        1:   45:  PutSeed((long)randomSeed);
        -:   46:  
        -:   47:  //check number of players
        1:   48:  if (numPlayers > MAX_PLAYERS || numPlayers < 2)
        -:   49:    {
    #####:   50:      return -1;
        -:   51:    }
        -:   52:
        -:   53:  //set number of players
        1:   54:  state->numPlayers = numPlayers;
        -:   55:
        -:   56:  //check selected kingdom cards are different
       11:   57:  for (i = 0; i < 10; i++)
        -:   58:    {
      110:   59:      for (j = 0; j < 10; j++)
        -:   60:        {
      100:   61:	  if (j != i && kingdomCards[j] == kingdomCards[i])
        -:   62:	    {
    #####:   63:	      return -1;
        -:   64:	    }
        -:   65:        }
        -:   66:    }
        -:   67:
        -:   68:
        -:   69:  //initialize supply
        -:   70:  ///////////////////////////////
        -:   71:
        -:   72:  //set number of Curse cards
        1:   73:  if (numPlayers == 2)
        -:   74:    {
        1:   75:      state->supplyCount[curse] = 10;
        -:   76:    }
    #####:   77:  else if (numPlayers == 3)
        -:   78:    {
    #####:   79:      state->supplyCount[curse] = 20;
        -:   80:    }
        -:   81:  else
        -:   82:    {
    #####:   83:      state->supplyCount[curse] = 30;
        -:   84:    }
        -:   85:
        -:   86:  //set number of Victory cards
        1:   87:  if (numPlayers == 2)
        -:   88:    {
        1:   89:      state->supplyCount[estate] = 8;
        1:   90:      state->supplyCount[duchy] = 8;
        1:   91:      state->supplyCount[province] = 8;
        -:   92:    }
        -:   93:  else
        -:   94:    {
    #####:   95:      state->supplyCount[estate] = 12;
    #####:   96:      state->supplyCount[duchy] = 12;
    #####:   97:      state->supplyCount[province] = 12;
        -:   98:    }
        -:   99:
        -:  100:  //set number of Treasure cards
        1:  101:  state->supplyCount[copper] = 60 - (7 * numPlayers);
        1:  102:  state->supplyCount[silver] = 40;
        1:  103:  state->supplyCount[gold] = 30;
        -:  104:
        -:  105:  //set number of Kingdom cards
       21:  106:  for (i = adventurer; i <= treasure_map; i++)       	//loop all cards
        -:  107:    {
      165:  108:      for (j = 0; j < 10; j++)           		//loop chosen cards
        -:  109:	{
      155:  110:	  if (kingdomCards[j] == i)
        -:  111:	    {
        -:  112:	      //check if card is a 'Victory' Kingdom card
       10:  113:	      if (kingdomCards[j] == great_hall || kingdomCards[j] == gardens)
        -:  114:		{
    #####:  115:		  if (numPlayers == 2){ 
    #####:  116:		    state->supplyCount[i] = 8; 
        -:  117:		  }
    #####:  118:		  else{ state->supplyCount[i] = 12; }
        -:  119:		}
        -:  120:	      else
        -:  121:		{
       10:  122:		  state->supplyCount[i] = 10;
        -:  123:		}
       10:  124:	      break;
        -:  125:	    }
        -:  126:	  else    //card is not in the set choosen for the game
        -:  127:	    {
      145:  128:	      state->supplyCount[i] = -1;
        -:  129:	    }
        -:  130:	}
        -:  131:
        -:  132:    }
        -:  133:
        -:  134:  ////////////////////////
        -:  135:  //supply intilization complete
        -:  136:
        -:  137:  //set player decks
        3:  138:  for (i = 0; i < numPlayers; i++)
        -:  139:    {
        2:  140:      state->deckCount[i] = 0;
        8:  141:      for (j = 0; j < 3; j++)
        -:  142:	{
        6:  143:	  state->deck[i][j] = estate;
        6:  144:	  state->deckCount[i]++;
        -:  145:	}
       16:  146:      for (j = 3; j < 10; j++)
        -:  147:	{
       14:  148:	  state->deck[i][j] = copper;
       14:  149:	  state->deckCount[i]++;		
        -:  150:	}
        -:  151:    }
        -:  152:
        -:  153:  //shuffle player decks
        3:  154:  for (i = 0; i < numPlayers; i++)
        -:  155:    {
        2:  156:      if ( shuffle(i, state) < 0 )
        -:  157:	{
    #####:  158:	  return -1;
        -:  159:	}
        -:  160:    }
        -:  161:
        -:  162:  //draw player hands
        3:  163:  for (i = 0; i < numPlayers; i++)
        -:  164:    {  
        -:  165:      //initialize hand size to zero
        2:  166:      state->handCount[i] = 0;
        2:  167:      state->discardCount[i] = 0;
        -:  168:      //draw 5 cards
        -:  169:      // for (j = 0; j < 5; j++)
        -:  170:      //	{
        -:  171:      //	  drawCard(i, state);
        -:  172:      //	}
        -:  173:    }
        -:  174:  
        -:  175:  //set embargo tokens to 0 for all supply piles
       28:  176:  for (i = 0; i <= treasure_map; i++)
        -:  177:    {
       27:  178:      state->embargoTokens[i] = 0;
        -:  179:    }
        -:  180:
        -:  181:  //initialize first player's turn
        1:  182:  state->outpostPlayed = 0;
        1:  183:  state->phase = 0;
        1:  184:  state->numActions = 1;
        1:  185:  state->numBuys = 1;
        1:  186:  state->playedCardCount = 0;
        1:  187:  state->whoseTurn = 0;
        1:  188:  state->handCount[state->whoseTurn] = 0;
        -:  189:  //int it; move to top
        -:  190:
        -:  191:  //Moved draw cards to here, only drawing at the start of a turn
        6:  192:  for (it = 0; it < 5; it++){
        5:  193:    drawCard(state->whoseTurn, state);
        -:  194:  }
        -:  195:
        1:  196:  updateCoins(state->whoseTurn, state, 0);
        -:  197:
        1:  198:  return 0;
        -:  199:}
        -:  200:
        2:  201:int shuffle(int player, struct gameState *state) {
        -:  202: 
        -:  203:
        -:  204:  int newDeck[MAX_DECK];
        2:  205:  int newDeckPos = 0;
        -:  206:  int card;
        -:  207:  int i;
        -:  208:
        2:  209:  if (state->deckCount[player] < 1)
    #####:  210:    return -1;
        2:  211:  qsort ((void*)(state->deck[player]), state->deckCount[player], sizeof(int), compare); 
        -:  212:  /* SORT CARDS IN DECK TO ENSURE DETERMINISM! */
        -:  213:
       24:  214:  while (state->deckCount[player] > 0) {
       20:  215:    card = floor(Random() * state->deckCount[player]);
       20:  216:    newDeck[newDeckPos] = state->deck[player][card];
       20:  217:    newDeckPos++;
       70:  218:    for (i = card; i < state->deckCount[player]-1; i++) {
       50:  219:      state->deck[player][i] = state->deck[player][i+1];
        -:  220:    }
       20:  221:    state->deckCount[player]--;
        -:  222:  }
       22:  223:  for (i = 0; i < newDeckPos; i++) {
       20:  224:    state->deck[player][i] = newDeck[i];
       20:  225:    state->deckCount[player]++;
        -:  226:  }
        -:  227:
        2:  228:  return 0;
        -:  229:}
        -:  230:
    #####:  231:int playCard(int handPos, int choice1, int choice2, int choice3, struct gameState *state)
        -:  232:{
        -:  233:  int card;
    #####:  234:  int coin_bonus = 0; 		//tracks coins gain from actions
        -:  235:
        -:  236:  //check if it is the right phase
    #####:  237:  if (state->phase != 0)
        -:  238:    {
    #####:  239:      return -1;
        -:  240:    }
        -:  241:
        -:  242:  //check if player has enough actions
    #####:  243:  if ( state->numActions < 1 )
        -:  244:    {
    #####:  245:      return -1;
        -:  246:    }
        -:  247:
        -:  248:  //get card played
    #####:  249:  card = handCard(handPos, state);
        -:  250:
        -:  251:  //check if selected card is an action
    #####:  252:  if ( card < adventurer || card > treasure_map )
        -:  253:    {
    #####:  254:      return -1;
        -:  255:    }
        -:  256:
        -:  257:  //play card
    #####:  258:  if ( cardEffect(card, choice1, choice2, choice3, state, handPos, &coin_bonus) < 0 )
        -:  259:    {
    #####:  260:      return -1;
        -:  261:    }
        -:  262:
        -:  263:  //reduce number of actions
    #####:  264:  state->numActions--;
        -:  265:
        -:  266:  //update coins (Treasure cards may be added with card draws)
    #####:  267:  updateCoins(state->whoseTurn, state, coin_bonus);
        -:  268:
    #####:  269:  return 0;
        -:  270:}
        -:  271:
    #####:  272:int buyCard(int supplyPos, struct gameState *state) {
        -:  273:  int who;
        -:  274:  if (DEBUG){
        -:  275:    printf("Entering buyCard...\n");
        -:  276:  }
        -:  277:
        -:  278:  // I don't know what to do about the phase thing.
        -:  279:
    #####:  280:  who = state->whoseTurn;
        -:  281:
    #####:  282:  if (state->numBuys < 1){
        -:  283:    if (DEBUG)
        -:  284:      printf("You do not have any buys left\n");
    #####:  285:    return -1;
    #####:  286:  } else if (supplyCount(supplyPos, state) <1){
        -:  287:    if (DEBUG)
        -:  288:      printf("There are not any of that type of card left\n");
    #####:  289:    return -1;
    #####:  290:  } else if (state->coins < getCost(supplyPos)){
        -:  291:    if (DEBUG)
        -:  292:      printf("You do not have enough money to buy that. You have %d coins.\n", state->coins);
    #####:  293:    return -1;
        -:  294:  } else {
    #####:  295:    state->phase=1;
        -:  296:    //state->supplyCount[supplyPos]--;
    #####:  297:    gainCard(supplyPos, state, 0, who); //card goes in discard, this might be wrong.. (2 means goes into hand, 0 goes into discard)
        -:  298:
    #####:  299:    state->coins = (state->coins) - (getCost(supplyPos));
    #####:  300:    state->numBuys--;
        -:  301:    if (DEBUG)
        -:  302:      printf("You bought card number %d for %d coins. You now have %d buys and %d coins.\n", supplyPos, getCost(supplyPos), state->numBuys, state->coins);
        -:  303:  }
        -:  304:
        -:  305:  //state->discard[who][state->discardCount[who]] = supplyPos;
        -:  306:  //state->discardCount[who]++;
        -:  307:
    #####:  308:  return 0;
        -:  309:}
        -:  310:
    #####:  311:int numHandCards(struct gameState *state) {
    #####:  312:  return state->handCount[ whoseTurn(state) ];
        -:  313:}
        -:  314:
    #####:  315:int handCard(int handPos, struct gameState *state) {
    #####:  316:  int currentPlayer = whoseTurn(state);
    #####:  317:  return state->hand[currentPlayer][handPos];
        -:  318:}
        -:  319:
        2:  320:int supplyCount(int card, struct gameState *state) {
        2:  321:  return state->supplyCount[card];
        -:  322:}
        -:  323:
    #####:  324:int fullDeckCount(int player, int card, struct gameState *state) {
        -:  325:  int i;
    #####:  326:  int count = 0;
        -:  327:
    #####:  328:  for (i = 0; i < state->deckCount[player]; i++)
        -:  329:    {
    #####:  330:      if (state->deck[player][i] == card) count++;
        -:  331:    }
        -:  332:
    #####:  333:  for (i = 0; i < state->handCount[player]; i++)
        -:  334:    {
    #####:  335:      if (state->hand[player][i] == card) count++;
        -:  336:    }
        -:  337:
    #####:  338:  for (i = 0; i < state->discardCount[player]; i++)
        -:  339:    {
    #####:  340:      if (state->discard[player][i] == card) count++;
        -:  341:    }
        -:  342:
    #####:  343:  return count;
        -:  344:}
        -:  345:
        1:  346:int whoseTurn(struct gameState *state) {
        1:  347:  return state->whoseTurn;
        -:  348:}
        -:  349:
    #####:  350:int endTurn(struct gameState *state) {
        -:  351:  int k;
        -:  352:  int i;
    #####:  353:  int currentPlayer = whoseTurn(state);
        -:  354:
        -:  355:  //Discard hand
    #####:  356:  for (i = 0; i < state->handCount[currentPlayer]; i++){
    #####:  357:    state->discard[currentPlayer][state->discardCount[currentPlayer]++] = state->hand[currentPlayer][i];//Discard
    #####:  358:    state->hand[currentPlayer][i] = -1;//Set card to -1
        -:  359:  }
    #####:  360:  state->handCount[currentPlayer] = 0;//Reset hand count
        -:  361:
        -:  362:  //Code for determining the player
    #####:  363:  if (currentPlayer < (state->numPlayers - 1)){
    #####:  364:    state->whoseTurn = currentPlayer + 1;//Still safe to increment
        -:  365:  }
        -:  366:  else{
    #####:  367:    state->whoseTurn = 0;//Max player has been reached, loop back around to player 1
        -:  368:  }
        -:  369:
    #####:  370:  state->outpostPlayed = 0;
    #####:  371:  state->phase = 0;
    #####:  372:  state->numActions = 1;
    #####:  373:  state->coins = 0;
    #####:  374:  state->numBuys = 1;
    #####:  375:  state->playedCardCount = 0;
    #####:  376:  state->handCount[state->whoseTurn] = 0;
        -:  377:
        -:  378:  //int k; move to top
        -:  379:  //Next player draws hand
    #####:  380:  for (k = 0; k < 5; k++){
    #####:  381:    drawCard(state->whoseTurn, state);//Draw a card
        -:  382:  }
        -:  383:
        -:  384:  //Update money
    #####:  385:  updateCoins(state->whoseTurn, state , 0);
        -:  386:
    #####:  387:  return 0;
        -:  388:}
        -:  389:
    #####:  390:int isGameOver(struct gameState *state) {
        -:  391:  int i;
        -:  392:  int j;
        -:  393:
        -:  394:  //if stack of Province cards is empty, the game ends
    #####:  395:  if (state->supplyCount[province] == 0)
        -:  396:    {
    #####:  397:      return 1;
        -:  398:    }
        -:  399:
        -:  400:  //if three supply pile are at 0, the game ends
    #####:  401:  j = 0;
    #####:  402:  for (i = 0; i < 25; i++)
        -:  403:    {
    #####:  404:      if (state->supplyCount[i] == 0)
        -:  405:	{
    #####:  406:	  j++;
        -:  407:	}
        -:  408:    }
    #####:  409:  if ( j >= 3)
        -:  410:    {
    #####:  411:      return 1;
        -:  412:    }
        -:  413:
    #####:  414:  return 0;
        -:  415:}
        -:  416:
    #####:  417:int scoreFor (int player, struct gameState *state) {
        -:  418:
        -:  419:  int i;
    #####:  420:  int score = 0;
        -:  421:  //score from hand
    #####:  422:  for (i = 0; i < state->handCount[player]; i++)
        -:  423:    {
    #####:  424:      if (state->hand[player][i] == curse) { score = score - 1; };
    #####:  425:      if (state->hand[player][i] == estate) { score = score + 1; };
    #####:  426:      if (state->hand[player][i] == duchy) { score = score + 3; };
    #####:  427:      if (state->hand[player][i] == province) { score = score + 6; };
    #####:  428:      if (state->hand[player][i] == great_hall) { score = score + 1; };
    #####:  429:      if (state->hand[player][i] == gardens) { score = score + ( fullDeckCount(player, 0, state) / 10 ); };
        -:  430:    }
        -:  431:
        -:  432:  //score from discard
    #####:  433:  for (i = 0; i < state->discardCount[player]; i++)
        -:  434:    {
    #####:  435:      if (state->discard[player][i] == curse) { score = score - 1; };
    #####:  436:      if (state->discard[player][i] == estate) { score = score + 1; };
    #####:  437:      if (state->discard[player][i] == duchy) { score = score + 3; };
    #####:  438:      if (state->discard[player][i] == province) { score = score + 6; };
    #####:  439:      if (state->discard[player][i] == great_hall) { score = score + 1; };
    #####:  440:      if (state->discard[player][i] == gardens) { score = score + ( fullDeckCount(player, 0, state) / 10 ); };
        -:  441:    }
        -:  442:
        -:  443:  //score from deck
    #####:  444:  for (i = 0; i < state->discardCount[player]; i++)
        -:  445:    {
    #####:  446:      if (state->deck[player][i] == curse) { score = score - 1; };
    #####:  447:      if (state->deck[player][i] == estate) { score = score + 1; };
    #####:  448:      if (state->deck[player][i] == duchy) { score = score + 3; };
    #####:  449:      if (state->deck[player][i] == province) { score = score + 6; };
    #####:  450:      if (state->deck[player][i] == great_hall) { score = score + 1; };
    #####:  451:      if (state->deck[player][i] == gardens) { score = score + ( fullDeckCount(player, 0, state) / 10 ); };
        -:  452:    }
        -:  453:
    #####:  454:  return score;
        -:  455:}
        -:  456:
    #####:  457:int getWinners(int players[MAX_PLAYERS], struct gameState *state) {
        -:  458:  int i;
        -:  459:  int j;
        -:  460:  int highScore;
        -:  461:  int currentPlayer;
        -:  462:
        -:  463:  //get score for each player
    #####:  464:  for (i = 0; i < MAX_PLAYERS; i++)
        -:  465:    {
        -:  466:      //set unused player scores to -9999
    #####:  467:      if (i >= state->numPlayers)
        -:  468:	{
    #####:  469:	  players[i] = -9999;
        -:  470:	}
        -:  471:      else
        -:  472:	{
    #####:  473:	  players[i] = scoreFor (i, state);
        -:  474:	}
        -:  475:    }
        -:  476:
        -:  477:  //find highest score
    #####:  478:  j = 0;
    #####:  479:  for (i = 0; i < MAX_PLAYERS; i++)
        -:  480:    {
    #####:  481:      if (players[i] > players[j])
        -:  482:	{
    #####:  483:	  j = i;
        -:  484:	}
        -:  485:    }
    #####:  486:  highScore = players[j];
        -:  487:
        -:  488:  //add 1 to players who had less turns
    #####:  489:  currentPlayer = whoseTurn(state);
    #####:  490:  for (i = 0; i < MAX_PLAYERS; i++)
        -:  491:    {
    #####:  492:      if ( players[i] == highScore && i > currentPlayer )
        -:  493:	{
    #####:  494:	  players[i]++;
        -:  495:	}
        -:  496:    }
        -:  497:
        -:  498:  //find new highest score
    #####:  499:  j = 0;
    #####:  500:  for (i = 0; i < MAX_PLAYERS; i++)
        -:  501:    {
    #####:  502:      if ( players[i] > players[j] )
        -:  503:	{
    #####:  504:	  j = i;
        -:  505:	}
        -:  506:    }
    #####:  507:  highScore = players[j];
        -:  508:
        -:  509:  //set winners in array to 1 and rest to 0
    #####:  510:  for (i = 0; i < MAX_PLAYERS; i++)
        -:  511:    {
    #####:  512:      if ( players[i] == highScore )
        -:  513:	{
    #####:  514:	  players[i] = 1;
        -:  515:	}
        -:  516:      else
        -:  517:	{
    #####:  518:	  players[i] = 0;
        -:  519:	}
        -:  520:    }
        -:  521:
    #####:  522:  return 0;
        -:  523:}
        -:  524:
       11:  525:int drawCard(int player, struct gameState *state)
        -:  526:{	int count;
        -:  527:  int deckCounter;
       11:  528:  if (state->deckCount[player] <= 0){//Deck is empty
        -:  529:
        -:  530:    //Step 1 Shuffle the discard pile back into a deck
        -:  531:    int i;
        -:  532:    //Move discard to deck
    #####:  533:    for (i = 0; i < state->discardCount[player];i++){
    #####:  534:      state->deck[player][i] = state->discard[player][i];
    #####:  535:      state->discard[player][i] = -1;
        -:  536:    }
        -:  537:
    #####:  538:    state->deckCount[player] = state->discardCount[player];
    #####:  539:    state->discardCount[player] = 0;//Reset discard
        -:  540:
        -:  541:    //Shufffle the deck
    #####:  542:    shuffle(player, state);//Shuffle the deck up and make it so that we can draw
        -:  543:
        -:  544:    if (DEBUG){//Debug statements
        -:  545:      printf("Deck count now: %d\n", state->deckCount[player]);
        -:  546:    }
        -:  547:
    #####:  548:    state->discardCount[player] = 0;
        -:  549:
        -:  550:    //Step 2 Draw Card
    #####:  551:    count = state->handCount[player];//Get current player's hand count
        -:  552:
        -:  553:    if (DEBUG){//Debug statements
        -:  554:      printf("Current hand count: %d\n", count);
        -:  555:    }
        -:  556:
    #####:  557:    deckCounter = state->deckCount[player];//Create a holder for the deck count
        -:  558:
    #####:  559:    if (deckCounter == 0)
    #####:  560:      return -1;
        -:  561:
    #####:  562:    state->hand[player][count] = state->deck[player][deckCounter - 1];//Add card to hand
    #####:  563:    state->deckCount[player]--;
    #####:  564:    state->handCount[player]++;//Increment hand count
        -:  565:  }
        -:  566:
        -:  567:  else{
       11:  568:    int count = state->handCount[player];//Get current hand count for player
        -:  569:    int deckCounter;
        -:  570:    if (DEBUG){//Debug statements
        -:  571:      printf("Current hand count: %d\n", count);
        -:  572:    }
        -:  573:
       11:  574:    deckCounter = state->deckCount[player];//Create holder for the deck count
       11:  575:    state->hand[player][count] = state->deck[player][deckCounter - 1];//Add card to the hand
       11:  576:    state->deckCount[player]--;
       11:  577:    state->handCount[player]++;//Increment hand count
        -:  578:  }
        -:  579:
       11:  580:  return 0;
        -:  581:}
        -:  582:
        1:  583:int getCost(int cardNumber)
        -:  584:{
        1:  585:  switch( cardNumber )
        -:  586:    {
        -:  587:    case curse:
        1:  588:      return 0;
        -:  589:    case estate:
    #####:  590:      return 2;
        -:  591:    case duchy:
    #####:  592:      return 5;
        -:  593:    case province:
    #####:  594:      return 8;
        -:  595:    case copper:
    #####:  596:      return 0;
        -:  597:    case silver:
    #####:  598:      return 3;
        -:  599:    case gold:
    #####:  600:      return 6;
        -:  601:    case adventurer:
    #####:  602:      return 6;
        -:  603:    case council_room:
    #####:  604:      return 5;
        -:  605:    case feast:
    #####:  606:      return 4;
        -:  607:    case gardens:
    #####:  608:      return 4;
        -:  609:    case mine:
    #####:  610:      return 5;
        -:  611:    case remodel:
    #####:  612:      return 4;
        -:  613:    case smithy:
    #####:  614:      return 4;
        -:  615:    case village:
    #####:  616:      return 3;
        -:  617:    case baron:
    #####:  618:      return 4;
        -:  619:    case great_hall:
    #####:  620:      return 3;
        -:  621:    case minion:
    #####:  622:      return 5;
        -:  623:    case steward:
    #####:  624:      return 3;
        -:  625:    case tribute:
    #####:  626:      return 5;
        -:  627:    case ambassador:
    #####:  628:      return 3;
        -:  629:    case cutpurse:
    #####:  630:      return 4;
        -:  631:    case embargo:
    #####:  632:      return 2;
        -:  633:    case outpost:
    #####:  634:      return 5;
        -:  635:    case salvager:
    #####:  636:      return 4;
        -:  637:    case sea_hag:
    #####:  638:      return 4;
        -:  639:    case treasure_map:
    #####:  640:      return 4;
        -:  641:    }
        -:  642:
    #####:  643:  return -1;
        -:  644:}
        -:  645:
        -:  646:/*************************************************************
        -:  647:# Author: Tanya Haddad, haddadt@oregonstate.edu
        -:  648:# Assignment 2, CS362, April 12th, 2018,
        -:  649:# Description: Implementations for 5 Refactored Dominion cards
        -:  650:# Card effects have intentional bugs added
        -:  651:*************************************************************/
        -:  652:
    #####:  653:int adventurerEffect(int cPlayer, struct gameState *state){
        -:  654:
        -:  655:  int temphand[MAX_HAND];// moved above the if statement
    #####:  656:  int drawntreasure=0;
        -:  657:  int cardDrawn;
    #####:  658:  int z = 0;// this is the counter for the temp hand
        -:  659:
    #####:  660:  while(drawntreasure<3){           /*** added bug ***/
        -:  661:    //if the deck is empty we need to shuffle discard and add to deck
    #####:  662:    if (state->deckCount[cPlayer] <1){
    #####:  663:      shuffle(cPlayer, state);
        -:  664:    }
    #####:  665:    drawCard(cPlayer, state);
        -:  666:
        -:  667:    //top card of hand is most recently drawn card.
    #####:  668:    cardDrawn = state->hand[cPlayer][state->handCount[cPlayer]-1];
        -:  669:
    #####:  670:    if (cardDrawn == copper || cardDrawn == silver || cardDrawn == gold)
    #####:  671:      drawntreasure++;
        -:  672:    else{
    #####:  673:      temphand[z]=cardDrawn;
        -:  674:      //this should just remove the top card (the most recently drawn one).
    #####:  675:      state->handCount[cPlayer] = state->handCount[cPlayer] -2; /*** added bug ***/
    #####:  676:      z++;
        -:  677:    }
        -:  678:  }
    #####:  679:  while(z-1>=0){
        -:  680:    // discard all cards in play that have been drawn
    #####:  681:    state->discard[cPlayer][state->discardCount[cPlayer]++]=temphand[z-1];
    #####:  682:    z=z-1;
        -:  683:  }
    #####:  684:  return 0;
        -:  685:};
        -:  686:
    #####:  687:int smithyEffect(int cPlayer, struct gameState *state, int hPos){
        -:  688:  //+3 Cards
        -:  689:  int i;
    #####:  690:  for (i = 0; i < 2; i++)                  /*** added bug ***/
        -:  691:  {
    #####:  692:    drawCard(cPlayer, state);
        -:  693:  }
        -:  694:
        -:  695:  //discard card from hand
    #####:  696:  discardCard(hPos, cPlayer, state, 0);
    #####:  697:  return 0;
        -:  698:};
        -:  699:
    #####:  700:int villageEffect(int cPlayer, struct gameState *state, int hPos){
        -:  701:  //+1 Card
    #####:  702:  drawCard(cPlayer, state);
        -:  703:
        -:  704:  //+2 Actions
    #####:  705:  state->numActions = state->numActions + 3;           /*** added bug ***/
        -:  706:
        -:  707:  //discard played card from hand
    #####:  708:  discardCard(hPos, cPlayer, state, 0);
    #####:  709:  return 0;
        -:  710:};
        -:  711:
    #####:  712:int mineEffect(int cPlayer, struct gameState *state, int hPos, int choice1, int choice2){
        -:  713:  int j;
    #####:  714:  j = state->hand[cPlayer][choice1];  //store card we will trash
        -:  715:
    #####:  716:  if (state->hand[cPlayer][choice1] < copper || state->hand[cPlayer][choice1] > gold)
        -:  717:  {
    #####:  718:    return -1;
        -:  719:  }
        -:  720:
    #####:  721:  if (choice2 > treasure_map || choice2 < curse)
        -:  722:  {
    #####:  723:    return -1;
        -:  724:  }
        -:  725:
    #####:  726:  if ( (getCost(state->hand[cPlayer][choice1]) + 3) > getCost(choice2) )
        -:  727:  {
    #####:  728:    return -1;
        -:  729:  }
        -:  730:
    #####:  731:  gainCard(choice2, state, 2, cPlayer);
        -:  732:
        -:  733:  //discard card from hand
    #####:  734:  discardCard(hPos, cPlayer, state, 0);
        -:  735:
        -:  736:  //discard trashed card
        -:  737:  int i;
    #####:  738:  for (i = 0; i < state->handCount[cPlayer]; i++)
        -:  739:  {
    #####:  740:    if (state->hand[cPlayer][i] == j)
        -:  741:    {
    #####:  742:      discardCard(i, cPlayer, state, 0);
    #####:  743:      break;
        -:  744:    }
        -:  745:  }
        -:  746:
    #####:  747:  return 0;
        -:  748:};
        -:  749:
        1:  750:int councilroomEffect(int cPlayer, struct gameState *state, int hPos){
        -:  751:  int i;
        -:  752:  //+4 Cards
        6:  753:  for (i = 0; i < 5; i++)                /*** added bug ***/
        -:  754:  {
        5:  755:    drawCard(cPlayer, state);
        -:  756:  }
        -:  757:
        -:  758:  //+1 Buy
        1:  759:  state->numBuys = state->numBuys +2;   /*** added bug ***/
        -:  760:
        -:  761:  //Each other player draws a card
        3:  762:  for (i = 0; i < state->numPlayers; i++)
        -:  763:  {
        2:  764:    if ( i != cPlayer )
        -:  765:    {
        1:  766:      drawCard(i, state);
        -:  767:    }
        -:  768:  }
        -:  769:
        -:  770:  //put played card in played card pile
        1:  771:  discardCard(hPos, cPlayer, state, 0);
        -:  772:
        1:  773:  return 0;
        -:  774:};
        -:  775:
        -:  776:/*************************************************************
        -:  777:# End Assignment 2 definition additions
        -:  778:*************************************************************/
        -:  779:
        1:  780:int cardEffect(int card, int choice1, int choice2, int choice3, struct gameState *state, int handPos, int *bonus)
        -:  781:{
        -:  782:  int i;
        -:  783:  int j;
        -:  784:  int k;
        -:  785:  int x;
        -:  786:  int index;
        1:  787:  int currentPlayer = whoseTurn(state);
        1:  788:  int nextPlayer = currentPlayer + 1;
        -:  789:
        1:  790:  int tributeRevealedCards[2] = {-1, -1};
        -:  791:  int temphand[MAX_HAND];// moved above the if statement
        1:  792:  int drawntreasure=0;
        -:  793:  int cardDrawn;
        1:  794:  int z = 0;// this is the counter for the temp hand
        1:  795:  if (nextPlayer > (state->numPlayers - 1)){
    #####:  796:    nextPlayer = 0;
        -:  797:  }
        -:  798:
        -:  799:
        -:  800:  //uses switch to select card and perform actions
        1:  801:  switch( card )
        -:  802:    {
        -:  803:/***** Adventurer has been refactored into it's own function */
        -:  804:    case adventurer:
    #####:  805:      adventurerEffect(currentPlayer, state);
        -:  806:/**************************************************************/
        -:  807:
        -:  808:/***** Council Room has been refactored into it's own function */
        -:  809:    case council_room:
        1:  810:      councilroomEffect(currentPlayer, state, handPos);
        -:  811:/**************************************************************/
        -:  812:
        -:  813:    case feast:
        -:  814:      //gain card with cost up to 5
        -:  815:      //Backup hand
       11:  816:      for (i = 0; i <= state->handCount[currentPlayer]; i++){
       10:  817:	temphand[i] = state->hand[currentPlayer][i];//Backup card
       10:  818:	state->hand[currentPlayer][i] = -1;//Set to nothing
        -:  819:      }
        -:  820:      //Backup hand
        -:  821:
        -:  822:      //Update Coins for Buy
        1:  823:      updateCoins(currentPlayer, state, 5);
        1:  824:      x = 1;//Condition to loop on
        3:  825:      while( x == 1) {//Buy one card
        1:  826:	if (supplyCount(choice1, state) <= 0){
        -:  827:	  if (DEBUG)
        -:  828:	    printf("None of that card left, sorry!\n");
        -:  829:
        -:  830:	  if (DEBUG){
        -:  831:	    printf("Cards Left: %d\n", supplyCount(choice1, state));
        -:  832:	  }
        -:  833:	}
        1:  834:	else if (state->coins < getCost(choice1)){
    #####:  835:	  printf("That card is too expensive!\n");
        -:  836:
        -:  837:	  if (DEBUG){
        -:  838:	    printf("Coins: %d < %d\n", state->coins, getCost(choice1));
        -:  839:	  }
        -:  840:	}
        -:  841:	else{
        -:  842:
        -:  843:	  if (DEBUG){
        -:  844:	    printf("Deck Count: %d\n", state->handCount[currentPlayer] + state->deckCount[currentPlayer] + state->discardCount[currentPlayer]);
        -:  845:	  }
        -:  846:
        1:  847:	  gainCard(choice1, state, 0, currentPlayer);//Gain the card
        1:  848:	  x = 0;//No more buying cards
        -:  849:
        -:  850:	  if (DEBUG){
        -:  851:	    printf("Deck Count: %d\n", state->handCount[currentPlayer] + state->deckCount[currentPlayer] + state->discardCount[currentPlayer]);
        -:  852:	  }
        -:  853:
        -:  854:	}
        -:  855:      }
        -:  856:
        -:  857:      //Reset Hand
       11:  858:      for (i = 0; i <= state->handCount[currentPlayer]; i++){
       10:  859:	state->hand[currentPlayer][i] = temphand[i];
       10:  860:	temphand[i] = -1;
        -:  861:      }
        -:  862:      //Reset Hand
        -:  863:
        1:  864:      return 0;
        -:  865:
        -:  866:    case gardens:
    #####:  867:      return -1;
        -:  868:
        -:  869:/***** Mine has been refactored into it's own function */
        -:  870:    case mine:
    #####:  871:      mineEffect(currentPlayer, state, handPos, choice1, choice2);
        -:  872:/*********************************************************/
        -:  873:
        -:  874:    case remodel:
    #####:  875:      j = state->hand[currentPlayer][choice1];  //store card we will trash
        -:  876:
    #####:  877:      if ( (getCost(state->hand[currentPlayer][choice1]) + 2) > getCost(choice2) )
        -:  878:	{
    #####:  879:	  return -1;
        -:  880:	}
        -:  881:
    #####:  882:      gainCard(choice2, state, 0, currentPlayer);
        -:  883:
        -:  884:      //discard card from hand
    #####:  885:      discardCard(handPos, currentPlayer, state, 0);
        -:  886:
        -:  887:      //discard trashed card
    #####:  888:      for (i = 0; i < state->handCount[currentPlayer]; i++)
        -:  889:	{
    #####:  890:	  if (state->hand[currentPlayer][i] == j)
        -:  891:	    {
    #####:  892:	      discardCard(i, currentPlayer, state, 0);
    #####:  893:	      break;
        -:  894:	    }
        -:  895:	}
        -:  896:
        -:  897:
    #####:  898:      return 0;
        -:  899:
        -:  900:/***** Smithy has been refactored into it's own function */
        -:  901:    case smithy:
    #####:  902:      smithyEffect(currentPlayer, state, handPos);
        -:  903:/*********************************************************/
        -:  904:
        -:  905:/***** Village has been refactored into it's own function */
        -:  906:  case village:
    #####:  907:    villageEffect(currentPlayer, state, handPos);
        -:  908:/*********************************************************/
        -:  909:
        -:  910:  case baron:
    #####:  911:    state->numBuys++;//Increase buys by 1!
    #####:  912:    if (choice1 > 0){//Boolean true or going to discard an estate
    #####:  913:  int p = 0;//Iterator for hand!
    #####:  914:  int card_not_discarded = 1;//Flag for discard set!
    #####:  915:  while(card_not_discarded){
    #####:  916:    if (state->hand[currentPlayer][p] == estate){//Found an estate card!
    #####:  917:      state->coins += 4;//Add 4 coins to the amount of coins
    #####:  918:      state->discard[currentPlayer][state->discardCount[currentPlayer]] = state->hand[currentPlayer][p];
    #####:  919:      state->discardCount[currentPlayer]++;
    #####:  920:      for (;p < state->handCount[currentPlayer]; p++){
    #####:  921:        state->hand[currentPlayer][p] = state->hand[currentPlayer][p+1];
        -:  922:      }
    #####:  923:      state->hand[currentPlayer][state->handCount[currentPlayer]] = -1;
    #####:  924:      state->handCount[currentPlayer]--;
    #####:  925:      card_not_discarded = 0;//Exit the loop
        -:  926:    }
    #####:  927:    else if (p > state->handCount[currentPlayer]){
        -:  928:      if(DEBUG) {
        -:  929:        printf("No estate cards in your hand, invalid choice\n");
        -:  930:        printf("Must gain an estate if there are any\n");
        -:  931:      }
    #####:  932:      if (supplyCount(estate, state) > 0){
    #####:  933:        gainCard(estate, state, 0, currentPlayer);
    #####:  934:        state->supplyCount[estate]--;//Decrement estates
    #####:  935:        if (supplyCount(estate, state) == 0){
    #####:  936:      isGameOver(state);
        -:  937:        }
        -:  938:      }
    #####:  939:      card_not_discarded = 0;//Exit the loop
        -:  940:    }
        -:  941:
        -:  942:    else{
    #####:  943:      p++;//Next card
        -:  944:    }
        -:  945:  }
        -:  946:    }
        -:  947:
        -:  948:    else{
    #####:  949:  if (supplyCount(estate, state) > 0){
    #####:  950:    gainCard(estate, state, 0, currentPlayer);//Gain an estate
    #####:  951:    state->supplyCount[estate]--;//Decrement Estates
    #####:  952:    if (supplyCount(estate, state) == 0){
    #####:  953:      isGameOver(state);
        -:  954:    }
        -:  955:  }
        -:  956:    }
        -:  957:
        -:  958:
    #####:  959:    return 0;
        -:  960:
        -:  961:  case great_hall:
        -:  962:    //+1 Card
    #####:  963:    drawCard(currentPlayer, state);
        -:  964:
        -:  965:    //+1 Actions
    #####:  966:    state->numActions++;
        -:  967:
        -:  968:    //discard card from hand
    #####:  969:    discardCard(handPos, currentPlayer, state, 0);
    #####:  970:    return 0;
        -:  971:
        -:  972:  case minion:
        -:  973:    //+1 action
    #####:  974:    state->numActions++;
        -:  975:
        -:  976:    //discard card from hand
    #####:  977:    discardCard(handPos, currentPlayer, state, 0);
        -:  978:
    #####:  979:    if (choice1)		//+2 coins
        -:  980:  {
    #####:  981:    state->coins = state->coins + 2;
        -:  982:  }
        -:  983:
    #####:  984:    else if (choice2)		//discard hand, redraw 4, other players with 5+ cards discard hand and draw 4
        -:  985:  {
        -:  986:    //discard hand
    #####:  987:    while(numHandCards(state) > 0)
        -:  988:      {
    #####:  989:        discardCard(handPos, currentPlayer, state, 0);
        -:  990:      }
        -:  991:
        -:  992:    //draw 4
    #####:  993:    for (i = 0; i < 4; i++)
        -:  994:      {
    #####:  995:        drawCard(currentPlayer, state);
        -:  996:      }
        -:  997:
        -:  998:    //other players discard hand and redraw if hand size > 4
    #####:  999:    for (i = 0; i < state->numPlayers; i++)
        -: 1000:      {
    #####: 1001:        if (i != currentPlayer)
        -: 1002:      {
    #####: 1003:        if ( state->handCount[i] > 4 )
        -: 1004:          {
        -: 1005:            //discard hand
    #####: 1006:            while( state->handCount[i] > 0 )
        -: 1007:          {
    #####: 1008:            discardCard(handPos, i, state, 0);
        -: 1009:          }
        -: 1010:
        -: 1011:            //draw 4
    #####: 1012:            for (j = 0; j < 4; j++)
        -: 1013:          {
    #####: 1014:            drawCard(i, state);
        -: 1015:          }
        -: 1016:          }
        -: 1017:      }
        -: 1018:      }
        -: 1019:
        -: 1020:  }
    #####: 1021:    return 0;
        -: 1022:
        -: 1023:  case steward:
    #####: 1024:    if (choice1 == 1)
        -: 1025:  {
        -: 1026:    //+2 cards
    #####: 1027:    drawCard(currentPlayer, state);
    #####: 1028:    drawCard(currentPlayer, state);
        -: 1029:  }
    #####: 1030:    else if (choice1 == 2)
        -: 1031:  {
        -: 1032:    //+2 coins
    #####: 1033:    state->coins = state->coins + 2;
        -: 1034:  }
        -: 1035:    else
        -: 1036:  {
        -: 1037:    //trash 2 cards in hand
    #####: 1038:    discardCard(choice2, currentPlayer, state, 1);
    #####: 1039:    discardCard(choice3, currentPlayer, state, 1);
        -: 1040:  }
        -: 1041:
        -: 1042:    //discard card from hand
    #####: 1043:    discardCard(handPos, currentPlayer, state, 0);
    #####: 1044:    return 0;
        -: 1045:
        -: 1046:  case tribute:
    #####: 1047:    if ((state->discardCount[nextPlayer] + state->deckCount[nextPlayer]) <= 1){
    #####: 1048:  if (state->deckCount[nextPlayer] > 0){
    #####: 1049:    tributeRevealedCards[0] = state->deck[nextPlayer][state->deckCount[nextPlayer]-1];
    #####: 1050:    state->deckCount[nextPlayer]--;
        -: 1051:  }
    #####: 1052:  else if (state->discardCount[nextPlayer] > 0){
    #####: 1053:    tributeRevealedCards[0] = state->discard[nextPlayer][state->discardCount[nextPlayer]-1];
    #####: 1054:    state->discardCount[nextPlayer]--;
        -: 1055:  }
        -: 1056:  else{
        -: 1057:    //No Card to Reveal
        -: 1058:    if (DEBUG){
        -: 1059:      printf("No cards to reveal\n");
        -: 1060:    }
        -: 1061:  }
        -: 1062:    }
        -: 1063:
        -: 1064:    else{
    #####: 1065:  if (state->deckCount[nextPlayer] == 0){
    #####: 1066:    for (i = 0; i < state->discardCount[nextPlayer]; i++){
    #####: 1067:      state->deck[nextPlayer][i] = state->discard[nextPlayer][i];//Move to deck
    #####: 1068:      state->deckCount[nextPlayer]++;
    #####: 1069:      state->discard[nextPlayer][i] = -1;
    #####: 1070:      state->discardCount[nextPlayer]--;
        -: 1071:    }
        -: 1072:
    #####: 1073:    shuffle(nextPlayer,state);//Shuffle the deck
        -: 1074:  }
    #####: 1075:  tributeRevealedCards[0] = state->deck[nextPlayer][state->deckCount[nextPlayer]-1];
    #####: 1076:  state->deck[nextPlayer][state->deckCount[nextPlayer]--] = -1;
    #####: 1077:  state->deckCount[nextPlayer]--;
    #####: 1078:  tributeRevealedCards[1] = state->deck[nextPlayer][state->deckCount[nextPlayer]-1];
    #####: 1079:  state->deck[nextPlayer][state->deckCount[nextPlayer]--] = -1;
    #####: 1080:  state->deckCount[nextPlayer]--;
        -: 1081:    }
        -: 1082:
    #####: 1083:    if (tributeRevealedCards[0] == tributeRevealedCards[1]){//If we have a duplicate card, just drop one
    #####: 1084:  state->playedCards[state->playedCardCount] = tributeRevealedCards[1];
    #####: 1085:  state->playedCardCount++;
    #####: 1086:  tributeRevealedCards[1] = -1;
        -: 1087:    }
        -: 1088:
    #####: 1089:    for (i = 0; i <= 2; i ++){
    #####: 1090:  if (tributeRevealedCards[i] == copper || tributeRevealedCards[i] == silver || tributeRevealedCards[i] == gold){//Treasure cards
    #####: 1091:    state->coins += 2;
        -: 1092:  }
        -: 1093:
    #####: 1094:  else if (tributeRevealedCards[i] == estate || tributeRevealedCards[i] == duchy || tributeRevealedCards[i] == province || tributeRevealedCards[i] == gardens || tributeRevealedCards[i] == great_hall){//Victory Card Found
    #####: 1095:    drawCard(currentPlayer, state);
    #####: 1096:    drawCard(currentPlayer, state);
        -: 1097:  }
        -: 1098:  else{//Action Card
    #####: 1099:    state->numActions = state->numActions + 2;
        -: 1100:  }
        -: 1101:    }
        -: 1102:
    #####: 1103:    return 0;
        -: 1104:
        -: 1105:  case ambassador:
    #####: 1106:    j = 0;		//used to check if player has enough cards to discard
        -: 1107:
    #####: 1108:    if (choice2 > 2 || choice2 < 0)
        -: 1109:  {
    #####: 1110:    return -1;
        -: 1111:  }
        -: 1112:
    #####: 1113:    if (choice1 == handPos)
        -: 1114:  {
    #####: 1115:    return -1;
        -: 1116:  }
        -: 1117:
    #####: 1118:    for (i = 0; i < state->handCount[currentPlayer]; i++)
        -: 1119:  {
    #####: 1120:    if (i != handPos && i == state->hand[currentPlayer][choice1] && i != choice1)
        -: 1121:      {
    #####: 1122:        j++;
        -: 1123:      }
        -: 1124:  }
    #####: 1125:    if (j < choice2)
        -: 1126:  {
    #####: 1127:    return -1;
        -: 1128:  }
        -: 1129:
        -: 1130:    if (DEBUG)
        -: 1131:  printf("Player %d reveals card number: %d\n", currentPlayer, state->hand[currentPlayer][choice1]);
        -: 1132:
        -: 1133:    //increase supply count for choosen card by amount being discarded
    #####: 1134:    state->supplyCount[state->hand[currentPlayer][choice1]] += choice2;
        -: 1135:
        -: 1136:    //each other player gains a copy of revealed card
    #####: 1137:    for (i = 0; i < state->numPlayers; i++)
        -: 1138:  {
    #####: 1139:    if (i != currentPlayer)
        -: 1140:      {
    #####: 1141:        gainCard(state->hand[currentPlayer][choice1], state, 0, i);
        -: 1142:      }
        -: 1143:  }
        -: 1144:
        -: 1145:    //discard played card from hand
    #####: 1146:    discardCard(handPos, currentPlayer, state, 0);
        -: 1147:
        -: 1148:    //trash copies of cards returned to supply
    #####: 1149:    for (j = 0; j < choice2; j++)
        -: 1150:  {
    #####: 1151:    for (i = 0; i < state->handCount[currentPlayer]; i++)
        -: 1152:      {
    #####: 1153:        if (state->hand[currentPlayer][i] == state->hand[currentPlayer][choice1])
        -: 1154:      {
    #####: 1155:        discardCard(i, currentPlayer, state, 1);
    #####: 1156:        break;
        -: 1157:      }
        -: 1158:      }
        -: 1159:  }
        -: 1160:
    #####: 1161:    return 0;
        -: 1162:
        -: 1163:  case cutpurse:
        -: 1164:
    #####: 1165:    updateCoins(currentPlayer, state, 2);
    #####: 1166:    for (i = 0; i < state->numPlayers; i++)
        -: 1167:  {
    #####: 1168:    if (i != currentPlayer)
        -: 1169:      {
    #####: 1170:        for (j = 0; j < state->handCount[i]; j++)
        -: 1171:      {
    #####: 1172:        if (state->hand[i][j] == copper)
        -: 1173:          {
    #####: 1174:            discardCard(j, i, state, 0);
    #####: 1175:            break;
        -: 1176:          }
    #####: 1177:        if (j == state->handCount[i])
        -: 1178:          {
    #####: 1179:            for (k = 0; k < state->handCount[i]; k++)
        -: 1180:          {
        -: 1181:            if (DEBUG)
        -: 1182:              printf("Player %d reveals card number %d\n", i, state->hand[i][k]);
        -: 1183:          }
    #####: 1184:            break;
        -: 1185:          }
        -: 1186:      }
        -: 1187:
        -: 1188:      }
        -: 1189:
        -: 1190:  }
        -: 1191:
        -: 1192:    //discard played card from hand
    #####: 1193:    discardCard(handPos, currentPlayer, state, 0);
        -: 1194:
    #####: 1195:    return 0;
        -: 1196:
        -: 1197:
        -: 1198:  case embargo:
        -: 1199:    //+2 Coins
    #####: 1200:    state->coins = state->coins + 2;
        -: 1201:
        -: 1202:    //see if selected pile is in play
    #####: 1203:    if ( state->supplyCount[choice1] == -1 )
        -: 1204:  {
    #####: 1205:    return -1;
        -: 1206:  }
        -: 1207:
        -: 1208:    //add embargo token to selected supply pile
    #####: 1209:    state->embargoTokens[choice1]++;
        -: 1210:
        -: 1211:    //trash card
    #####: 1212:    discardCard(handPos, currentPlayer, state, 1);
    #####: 1213:    return 0;
        -: 1214:
        -: 1215:  case outpost:
        -: 1216:    //set outpost flag
    #####: 1217:    state->outpostPlayed++;
        -: 1218:
        -: 1219:    //discard card
    #####: 1220:    discardCard(handPos, currentPlayer, state, 0);
    #####: 1221:    return 0;
        -: 1222:
        -: 1223:  case salvager:
        -: 1224:    //+1 buy
    #####: 1225:    state->numBuys++;
        -: 1226:
    #####: 1227:    if (choice1)
        -: 1228:  {
        -: 1229:    //gain coins equal to trashed card
    #####: 1230:    state->coins = state->coins + getCost( handCard(choice1, state) );
        -: 1231:    //trash card
    #####: 1232:    discardCard(choice1, currentPlayer, state, 1);
        -: 1233:  }
        -: 1234:
        -: 1235:    //discard card
    #####: 1236:    discardCard(handPos, currentPlayer, state, 0);
    #####: 1237:    return 0;
        -: 1238:
        -: 1239:  case sea_hag:
    #####: 1240:    for (i = 0; i < state->numPlayers; i++){
    #####: 1241:  if (i != currentPlayer){
    #####: 1242:    state->discard[i][state->discardCount[i]] = state->deck[i][state->deckCount[i]--];			    state->deckCount[i]--;
    #####: 1243:    state->discardCount[i]++;
    #####: 1244:    state->deck[i][state->deckCount[i]--] = curse;//Top card now a curse
        -: 1245:  }
        -: 1246:    }
    #####: 1247:    return 0;
        -: 1248:
        -: 1249:  case treasure_map:
        -: 1250:    //search hand for another treasure_map
    #####: 1251:    index = -1;
    #####: 1252:    for (i = 0; i < state->handCount[currentPlayer]; i++)
        -: 1253:  {
    #####: 1254:    if (state->hand[currentPlayer][i] == treasure_map && i != handPos)
        -: 1255:      {
    #####: 1256:        index = i;
    #####: 1257:        break;
        -: 1258:      }
        -: 1259:  }
    #####: 1260:    if (index > -1)
        -: 1261:  {
        -: 1262:    //trash both treasure cards
    #####: 1263:    discardCard(handPos, currentPlayer, state, 1);
    #####: 1264:    discardCard(index, currentPlayer, state, 1);
        -: 1265:
        -: 1266:    //gain 4 Gold cards
    #####: 1267:    for (i = 0; i < 4; i++)
        -: 1268:      {
    #####: 1269:        gainCard(gold, state, 1, currentPlayer);
        -: 1270:      }
        -: 1271:
        -: 1272:    //return success
    #####: 1273:    return 1;
        -: 1274:  }
        -: 1275:
        -: 1276:    //no second treasure_map found in hand
    #####: 1277:    return -1;
        -: 1278:  }
        -: 1279:
    #####: 1280:return -1;
        -: 1281:}
        -: 1282:
        1: 1283:int discardCard(int handPos, int currentPlayer, struct gameState *state, int trashFlag)
        -: 1284:{
        -: 1285:
        -: 1286://if card is not trashed, added to Played pile
        1: 1287:if (trashFlag < 1)
        -: 1288:  {
        -: 1289:    //add card to played pile
        1: 1290:    state->playedCards[state->playedCardCount] = state->hand[currentPlayer][handPos];
        1: 1291:    state->playedCardCount++;
        -: 1292:  }
        -: 1293:
        -: 1294://set played card to -1
        1: 1295:state->hand[currentPlayer][handPos] = -1;
        -: 1296:
        -: 1297://remove card from player's hand
        1: 1298:if ( handPos == (state->handCount[currentPlayer] - 1) ) 	//last card in hand array is played
        -: 1299:  {
        -: 1300:    //reduce number of cards in hand
    #####: 1301:    state->handCount[currentPlayer]--;
        -: 1302:  }
        1: 1303:else if ( state->handCount[currentPlayer] == 1 ) //only one card in hand
        -: 1304:  {
        -: 1305:    //reduce number of cards in hand
    #####: 1306:    state->handCount[currentPlayer]--;
        -: 1307:  }
        -: 1308:else
        -: 1309:  {
        -: 1310:    //replace discarded card with last card in hand
        1: 1311:    state->hand[currentPlayer][handPos] = state->hand[currentPlayer][ (state->handCount[currentPlayer] - 1)];
        -: 1312:    //set last card to -1
        1: 1313:    state->hand[currentPlayer][state->handCount[currentPlayer] - 1] = -1;
        -: 1314:    //reduce number of cards in hand
        1: 1315:    state->handCount[currentPlayer]--;
        -: 1316:  }
        -: 1317:
        1: 1318:return 0;
        -: 1319:}
        -: 1320:
        1: 1321:int gainCard(int supplyPos, struct gameState *state, int toFlag, int player)
        -: 1322:{
        -: 1323://Note: supplyPos is enum of choosen card
        -: 1324:
        -: 1325://check if supply pile is empty (0) or card is not used in game (-1)
        1: 1326:if ( supplyCount(supplyPos, state) < 1 )
        -: 1327:  {
    #####: 1328:    return -1;
        -: 1329:  }
        -: 1330:
        -: 1331://added card for [whoseTurn] current player:
        -: 1332:// toFlag = 0 : add to discard
        -: 1333:// toFlag = 1 : add to deck
        -: 1334:// toFlag = 2 : add to hand
        -: 1335:
        1: 1336:if (toFlag == 1)
        -: 1337:  {
    #####: 1338:    state->deck[ player ][ state->deckCount[player] ] = supplyPos;
    #####: 1339:    state->deckCount[player]++;
        -: 1340:  }
        1: 1341:else if (toFlag == 2)
        -: 1342:  {
    #####: 1343:    state->hand[ player ][ state->handCount[player] ] = supplyPos;
    #####: 1344:    state->handCount[player]++;
        -: 1345:  }
        -: 1346:else
        -: 1347:  {
        1: 1348:    state->discard[player][ state->discardCount[player] ] = supplyPos;
        1: 1349:    state->discardCount[player]++;
        -: 1350:  }
        -: 1351:
        -: 1352://decrease number in supply pile
        1: 1353:state->supplyCount[supplyPos]--;
        -: 1354:
        1: 1355:return 0;
        -: 1356:}
        -: 1357:
        2: 1358:int updateCoins(int player, struct gameState *state, int bonus)
        -: 1359:{
        -: 1360:int i;
        -: 1361:
        -: 1362://reset coin count
        2: 1363:state->coins = 0;
        -: 1364:
        -: 1365://add coins for each Treasure card in player's hand
       16: 1366:for (i = 0; i < state->handCount[player]; i++)
        -: 1367:  {
       14: 1368:    if (state->hand[player][i] == copper)
        -: 1369:  {
        4: 1370:    state->coins += 1;
        -: 1371:  }
       10: 1372:    else if (state->hand[player][i] == silver)
        -: 1373:  {
    #####: 1374:    state->coins += 2;
        -: 1375:  }
       10: 1376:    else if (state->hand[player][i] == gold)
        -: 1377:  {
    #####: 1378:    state->coins += 3;
        -: 1379:  }
        -: 1380:  }
        -: 1381:
        -: 1382://add bonus
        2: 1383:state->coins += bonus;
        -: 1384:
        2: 1385:return 0;
        -: 1386:}
        -: 1387:
        -: 1388:
        -: 1389://end of dominion.c
        -: 1390:
